<?xml version="1.0" encoding="UTF-8"?>
<!-- Generated by org.testng.reporters.JUnitReportReporter -->
<testsuite skipped="0" hostname="INW-169" name="HomePage.Header" tests="8" failures="0" timestamp="10 Apr 2019 12:34:47 GMT" time="1032.899" errors="0">
  <testcase name="ContactUsSelect2" time="31.745" classname="HomePage.Header"/>
  <testcase name="Globe" time="523.862" classname="HomePage.Header"/>
  <testcase name="ContactUsSelect3" time="77.395" classname="HomePage.Header"/>
  <testcase name="InputSearch" time="50.263" classname="HomePage.Header"/>
  <testcase name="NavBarHover" time="145.499" classname="HomePage.Header"/>
  <testcase name="ContactUsSelect1" time="121.766" classname="HomePage.Header"/>
  <testcase name="InputTypeAndErase" time="36.437" classname="HomePage.Header"/>
  <testcase name="LoginClick" time="45.932" classname="HomePage.Header"/>
</testsuite> <!-- HomePage.Header -->
