<?xml version="1.0" encoding="UTF-8"?>
<!-- Generated by org.testng.reporters.JUnitReportReporter -->
<testsuite skipped="0" hostname="INW-169" name="HomePage.Footer" tests="3" failures="0" timestamp="10 Apr 2019 12:06:49 GMT" time="310.005" errors="0">
  <testcase name="AboutSalesForce" time="174.609" classname="HomePage.Footer"/>
  <testcase name="NewToSalesForce" time="29.563" classname="HomePage.Footer"/>
  <testcase name="PopularLinks" time="105.833" classname="HomePage.Footer"/>
</testsuite> <!-- HomePage.Footer -->
