<?xml version="1.0" encoding="UTF-8"?>
<!-- Generated by org.testng.reporters.JUnitReportReporter -->
<testsuite skipped="0" hostname="INW-169" name="com.mycompany.app.MobileTest" tests="1" failures="0" timestamp="2019-04-10T13:52:59 IST" time="0.000" errors="0">
  <testcase name="MobileTest1" time="0.000" classname="com.mycompany.app.MobileTest"/>
</testsuite> <!-- com.mycompany.app.MobileTest -->
