<?xml version="1.0" encoding="UTF-8"?>
<!-- Generated by org.testng.reporters.JUnitReportReporter -->
<testsuite skipped="0" hostname="INW-169" name="com.mycompany.app.MobileTest" tests="1" failures="0" timestamp="2019-04-10T19:29:37 IST" time="0.003" errors="0">
  <testcase name="MobileTest1" time="0.003" classname="com.mycompany.app.MobileTest"/>
</testsuite> <!-- com.mycompany.app.MobileTest -->
